0 info it worked if it ends with ok
1 verbose cli [ 'C:\\Program Files\\nodejs\\node.exe',
1 verbose cli   'C:\\Program Files\\nodejs\\node_modules\\npm\\bin\\npm-cli.js',
1 verbose cli   'install',
1 verbose cli   'node-msoffice-pdf',
1 verbose cli   '--save' ]
2 info using npm@3.10.10
3 info using node@v6.10.2
4 silly loadCurrentTree Starting
5 silly install loadCurrentTree
6 silly install readLocalPackageData
7 silly fetchPackageMetaData node-msoffice-pdf
8 silly fetchNamedPackageData node-msoffice-pdf
9 silly mapToRegistry name node-msoffice-pdf
10 silly mapToRegistry using default registry
11 silly mapToRegistry registry https://registry.npmjs.org/
12 silly mapToRegistry data Result {
12 silly mapToRegistry   raw: 'node-msoffice-pdf',
12 silly mapToRegistry   scope: null,
12 silly mapToRegistry   escapedName: 'node-msoffice-pdf',
12 silly mapToRegistry   name: 'node-msoffice-pdf',
12 silly mapToRegistry   rawSpec: '',
12 silly mapToRegistry   spec: 'latest',
12 silly mapToRegistry   type: 'tag' }
13 silly mapToRegistry uri https://registry.npmjs.org/node-msoffice-pdf
14 verbose request uri https://registry.npmjs.org/node-msoffice-pdf
15 verbose request no auth needed
16 info attempt registry request try #1 at 9:21:20 PM
17 verbose request using bearer token for auth
18 verbose request id b2058f929429a95a
19 verbose etag W/"5474306f-24b2"
20 verbose lastModified Tue, 25 Nov 2014 07:31:59 GMT
21 http request GET https://registry.npmjs.org/node-msoffice-pdf
22 info retry will retry, error on last attempt: Error: getaddrinfo ENOTFOUND registry.npmjs.org registry.npmjs.org:443
23 info attempt registry request try #2 at 9:21:42 PM
24 verbose request using bearer token for auth
25 verbose etag W/"5474306f-24b2"
26 verbose lastModified Tue, 25 Nov 2014 07:31:59 GMT
27 http request GET https://registry.npmjs.org/node-msoffice-pdf
28 info retry will retry, error on last attempt: Error: getaddrinfo ENOTFOUND registry.npmjs.org registry.npmjs.org:443
29 verbose stack Error: kill ENOSYS
29 verbose stack     at exports._errnoException (util.js:1018:11)
29 verbose stack     at process.kill (internal/process.js:190:13)
29 verbose stack     at process.listener (C:\Program Files\nodejs\node_modules\npm\node_modules\npmlog\node_modules\gauge\node_modules\signal-exit\index.js:86:15)
29 verbose stack     at emitNone (events.js:91:20)
29 verbose stack     at process.emit (events.js:185:7)
29 verbose stack     at processEmit (C:\Program Files\nodejs\node_modules\npm\node_modules\npmlog\node_modules\gauge\node_modules\signal-exit\index.js:146:32)
29 verbose stack     at processEmit (C:\Program Files\nodejs\node_modules\npm\node_modules\npm-registry-client\node_modules\npmlog\node_modules\gauge\node_modules\signal-exit\index.js:146:32)
29 verbose stack     at Signal.wrap.onsignal (internal/process.js:217:44)
30 verbose cwd C:\work\study\officeToPdf
31 error Windows_NT 6.1.7601
32 error argv "C:\\Program Files\\nodejs\\node.exe" "C:\\Program Files\\nodejs\\node_modules\\npm\\bin\\npm-cli.js" "install" "node-msoffice-pdf" "--save"
33 error node v6.10.2
34 error npm  v3.10.10
35 error code ENOSYS
36 error errno ENOSYS
37 error syscall kill
38 error kill ENOSYS
39 error If you need help, you may report this error at:
39 error     <https://github.com/npm/npm/issues>
40 verbose exit [ 1, true ]
