Arguments: 
  /opt/node-v6.9.1-linux-x64/bin/node /opt/yarn/bin/yarn.js install --production

PATH: 
  /usr/local/sbin:/usr/local/bin:/usr/sbin:/usr/bin:/sbin:/bin:/opt/node-v6.9.1-linux-x64/bin:/opt/yarn/bin

Yarn version: 
  0.23.2

Node version: 
  6.9.1

Platform: 
  linux x64

npm manifest: 
  {
    "name": "web_static",
    "version": "1.0.0",
    "description": "static web service",
    "main": "index.js",
    "scripts": {
      "start": "better-npm-run dev:web_static",
      "build_prod": "better-npm-run prod:build",
      "start_prod": "better-npm-run prod:web_static",
      "test": "better-npm-run test"
    },
    "betterScripts": {
      "dev:web_static": {
        "command": "node ./entry.dev.js"
      },
      "dev:dirTree": {
        "command": "node ./dirTree.dev.js"
      },
      "prod:build": {
        "command": "node node_modules/webpack/bin/webpack.js --config configs/webpack.prod.js -p"
      },
      "prod:web_static": {
        "command": "node ./entry.prod.js"
      },
      "test": {
        "command": "jest"
      }
    },
    "jest": {
      "modulePaths": [
        "/shared/vendor/modules"
      ],
      "moduleFileExtensions": [
        "js",
        "jsx"
      ],
      "moduleDirectories": [
        "node_modules",
        "bower_components",
        "shared"
      ],
      "moduleNameMapper": {
        "^react(.*)$": "<rootDir>/vendor/react-master$1",
        "^config$": "<rootDir>/configs/app-config.js",
        "\\.(css|less)$": "<rootDir>/__mocks__/styleMock.js",
        "\\.(gif|ttf|eot|svg)$": "<rootDir>/__mocks__/fileMock.js"
      }
    },
    "author": "",
    "license": "ISC",
    "dependencies": {
      "better-npm-run": "0.0.14",
      "clone": "^2.1.1",
      "canvas": "^1.6.5",
      "express": "^4.14.1",
      "history": "^4.6.1",
      "material-ui": "^0.17.1",
      "react": "15.4.2",
      "react-dom": "15.4.2",
      "react-router-dom": "^4.0.0",
      "react-tap-event-plugin": "^2.0.1",
      "websocket": "^1.0.24"
    },
    "devDependencies": {
      "babel-core": "6.22.1",
      "babel-loader": "6.2.10",
      "babel-plugin-react-transform": "^2.0.2",
      "babel-plugin-transform-class-properties": "^6.22.0",
      "babel-plugin-transform-decorators-legacy": "^1.3.4",
      "babel-plugin-transform-runtime": "^6.22.0",
      "babel-preset-es2015": "6.22.0",
      "babel-preset-react": "6.22.0",
      "babel-preset-stage-1": "^6.22.0",
      "babel-preset-stage-2": "^6.22.0",
      "babel-runtime": "^6.22.0",
      "clean-webpack-plugin": "^0.1.15",
      "css-loader": "0.26.1",
      "extract-text-webpack-plugin": "^1.0.1",
      "file-loader": "0.10.0",
      "gulp": "^3.9.1",
      "webpack-stream": "^3.2.0",
      "html-loader": "^0.4.4",
      "html-webpack-plugin": "^2.26.0",
      "jest": "^19.0.2",
      "postcss-loader": "^1.2.2",
      "react-hot-loader": "^3.0.0-beta.6",
      "regenerator-runtime": "^0.10.3",
      "sass-loader": "^5.0.0",
      "style-loader": "0.13.1",
      "url-loader": "0.5.7",
      "webpack": "2.2.1",
      "webpack-cleanup-plugin": "^0.4.1",
      "webpack-dashboard": "^0.3.0",
      "webpack-dev-middleware": "^1.10.0",
      "webpack-dev-server": "2.3.0",
      "webpack-hot-middleware": "^2.16.1"
    }
  }

yarn manifest: 
  No manifest

Lockfile: 
  No lockfile

Trace: 
  Error: https://registry.yarnpkg.com/express: ESOCKETTIMEDOUT
      at ClientRequest.<anonymous> (/opt/yarn/node_modules/request/request.js:819:19)
      at ClientRequest.g (events.js:291:16)
      at emitNone (events.js:86:13)
      at ClientRequest.emit (events.js:185:7)
      at TLSSocket.emitTimeout (_http_client.js:620:10)
      at TLSSocket.g (events.js:291:16)
      at emitNone (events.js:86:13)
      at TLSSocket.emit (events.js:185:7)
      at TLSSocket.Socket._onTimeout (net.js:339:8)
      at ontimeout (timers.js:365:14)
